Started GET "/" for 172.18.0.1 at 2016-09-25 21:52:52 +0000
Processing by Rails::WelcomeController#index as */*
  Parameters: {"internal"=>true}
  Rendering /usr/local/rvm/gems/ruby-2.3.1/gems/railties-5.0.0.1/lib/rails/templates/rails/welcome/index.html.erb
  Rendered /usr/local/rvm/gems/ruby-2.3.1/gems/railties-5.0.0.1/lib/rails/templates/rails/welcome/index.html.erb (14.8ms)
Completed 200 OK in 54ms (Views: 49.6ms | ActiveRecord: 0.0ms)


Started HEAD "/" for 172.18.0.1 at 2016-09-25 21:52:55 +0000
Processing by Rails::WelcomeController#index as */*
  Parameters: {"internal"=>true}
  Rendering /usr/local/rvm/gems/ruby-2.3.1/gems/railties-5.0.0.1/lib/rails/templates/rails/welcome/index.html.erb
  Rendered /usr/local/rvm/gems/ruby-2.3.1/gems/railties-5.0.0.1/lib/rails/templates/rails/welcome/index.html.erb (1.9ms)
Completed 200 OK in 11ms (Views: 6.3ms | ActiveRecord: 0.0ms)


Started HEAD "/" for 172.18.0.1 at 2016-09-25 21:57:01 +0000
Processing by Rails::WelcomeController#index as */*
  Parameters: {"internal"=>true}
  Rendering /usr/local/rvm/gems/ruby-2.3.1/gems/railties-5.0.0.1/lib/rails/templates/rails/welcome/index.html.erb
  Rendered /usr/local/rvm/gems/ruby-2.3.1/gems/railties-5.0.0.1/lib/rails/templates/rails/welcome/index.html.erb (2.4ms)
Completed 200 OK in 12ms (Views: 8.2ms | ActiveRecord: 0.0ms)


  [1m[35m (0.2ms)[0m  [1m[34mSELECT pg_try_advisory_lock(1932410105524239390);[0m
  [1m[36mActiveRecord::SchemaMigration Load (0.6ms)[0m  [1m[34mSELECT "schema_migrations".* FROM "schema_migrations"[0m
Migrating to CreateArticles (20160925220117)
  [1m[35m (0.3ms)[0m  [1m[35mBEGIN[0m
  [1m[35m (60.3ms)[0m  [1m[35mCREATE TABLE "articles" ("id" serial primary key, "title" character varying, "body" text, "created_at" timestamp NOT NULL, "updated_at" timestamp NOT NULL)[0m
  [1m[35mSQL (0.7ms)[0m  [1m[32mINSERT INTO "schema_migrations" ("version") VALUES ($1) RETURNING "version"[0m  [["version", "20160925220117"]]
  [1m[35m (17.8ms)[0m  [1m[35mCOMMIT[0m
  [1m[36mActiveRecord::InternalMetadata Load (0.4ms)[0m  [1m[34mSELECT  "ar_internal_metadata".* FROM "ar_internal_metadata" WHERE "ar_internal_metadata"."key" = $1 LIMIT $2[0m  [["key", :environment], ["LIMIT", 1]]
  [1m[35m (0.3ms)[0m  [1m[35mBEGIN[0m
  [1m[35m (0.2ms)[0m  [1m[35mCOMMIT[0m
  [1m[35m (0.3ms)[0m  [1m[34mSELECT pg_advisory_unlock(1932410105524239390)[0m
  [1m[36mActiveRecord::SchemaMigration Load (0.2ms)[0m  [1m[34mSELECT "schema_migrations".* FROM "schema_migrations"[0m
  [1m[35m (2.0ms)[0m  [1m[34mSELECT t2.oid::regclass::text AS to_table, a1.attname AS column, a2.attname AS primary_key, c.conname AS name, c.confupdtype AS on_update, c.confdeltype AS on_delete
FROM pg_constraint c
JOIN pg_class t1 ON c.conrelid = t1.oid
JOIN pg_class t2 ON c.confrelid = t2.oid
JOIN pg_attribute a1 ON a1.attnum = c.conkey[1] AND a1.attrelid = t1.oid
JOIN pg_attribute a2 ON a2.attnum = c.confkey[1] AND a2.attrelid = t2.oid
JOIN pg_namespace t3 ON c.connamespace = t3.oid
WHERE c.contype = 'f'
  AND t1.relname = 'articles'
  AND t3.nspname = ANY (current_schemas(false))
ORDER BY c.conname
[0m
Started POST "/articles" for 172.18.0.1 at 2016-09-25 22:10:19 +0000
  [1m[36mActiveRecord::SchemaMigration Load (0.6ms)[0m  [1m[34mSELECT "schema_migrations".* FROM "schema_migrations"[0m
Processing by ArticlesController#create as */*
  Parameters: {"title"=>"my first article", "body"=>"Lorem ipsum dolor sit amet, consectetur adipiscing elit...", "article"=>{"title"=>"my first article", "body"=>"Lorem ipsum dolor sit amet, consectetur adipiscing elit..."}}
  [1m[35m (0.3ms)[0m  [1m[35mBEGIN[0m
  [1m[35mSQL (1.0ms)[0m  [1m[32mINSERT INTO "articles" ("title", "body", "created_at", "updated_at") VALUES ($1, $2, $3, $4) RETURNING "id"[0m  [["title", "my first article"], ["body", "Lorem ipsum dolor sit amet, consectetur adipiscing elit..."], ["created_at", 2016-09-25 22:10:19 UTC], ["updated_at", 2016-09-25 22:10:19 UTC]]
  [1m[35m (12.8ms)[0m  [1m[35mCOMMIT[0m
Completed 201 Created in 31ms (Views: 1.1ms | ActiveRecord: 17.3ms)


  [1m[36mArticle Load (0.6ms)[0m  [1m[34mSELECT  "articles".* FROM "articles" ORDER BY "articles"."id" ASC LIMIT $1[0m  [["LIMIT", 1]]
